<?xml version="1.0" encoding="UTF-8"?>
<testng-results ignored="0" total="1" passed="1" failed="0" skipped="0">
  <reporter-output>
  </reporter-output>
  <suite started-at="2025-03-28T13:10:51 IST" name="Default suite" finished-at="2025-03-28T13:11:08 IST" duration-ms="16928">
    <groups>
    </groups>
    <test started-at="2025-03-28T13:10:51 IST" name="Default test" finished-at="2025-03-28T13:11:08 IST" duration-ms="16928">
      <class name="com.qa.myntra.tests.ShoppingBagTests">
        <test-method is-config="true" signature="setup()[pri:0, instance:com.qa.myntra.tests.ShoppingBagTests@2c35e847]" started-at="2025-03-28T13:10:51 IST" name="setup" finished-at="2025-03-28T13:10:59 IST" duration-ms="7770" status="PASS">
          <reporter-output>
          </reporter-output>
        </test-method> <!-- setup -->
        <test-method signature="verifyData()[pri:0, instance:com.qa.myntra.tests.ShoppingBagTests@2c35e847]" started-at="2025-03-28T13:10:59 IST" name="verifyData" finished-at="2025-03-28T13:11:08 IST" duration-ms="9006" status="PASS">
          <reporter-output>
          </reporter-output>
        </test-method> <!-- verifyData -->
        <test-method is-config="true" signature="teardown()[pri:0, instance:com.qa.myntra.tests.ShoppingBagTests@2c35e847]" started-at="2025-03-28T13:11:08 IST" name="teardown" finished-at="2025-03-28T13:11:08 IST" duration-ms="1" status="PASS">
          <reporter-output>
          </reporter-output>
        </test-method> <!-- teardown -->
      </class> <!-- com.qa.myntra.tests.ShoppingBagTests -->
    </test> <!-- Default test -->
  </suite> <!-- Default suite -->
</testng-results>
